<?xml version="1.0" encoding="utf-8"?>
<TestRun id="d844ba77-edfc-4cf5-be32-7e0683586e51" name="@pkrvmsl9tci6h6u 2025-08-11 09:58:39" xmlns="http://microsoft.com/schemas/VisualStudio/TeamTest/2010">
  <Times creation="2025-08-11T09:58:39.5181880+00:00" queuing="2025-08-11T09:58:39.5181881+00:00" start="2025-08-11T09:58:38.4105952+00:00" finish="2025-08-11T09:58:39.5468177+00:00" />
  <TestSettings name="default" id="5adb133b-e2af-4784-8674-d03500630039">
    <Deployment runDeploymentRoot="_pkrvmsl9tci6h6u_2025-08-11_09_58_39" />
  </TestSettings>
  <Results>
    <UnitTestResult executionId="c3ee660f-176b-4e69-a7f4-042453b9549f" testId="5defec58-6a91-5e4f-efb9-533a7a7d3502" testName="SampleApp.Tests.UnitTest1.ThisTestAlwaysFails" computerName="pkrvmsl9tci6h6u" duration="00:00:00.0084537" startTime="2025-08-11T09:58:39.3322657+00:00" endTime="2025-08-11T09:58:39.3322914+00:00" testType="13cdc9d9-ddb5-4fa4-a97d-d965ccfc6d4b" outcome="Failed" testListId="8c84fa94-04c1-424b-9868-57a2d4851a1d" relativeResultsDirectory="c3ee660f-176b-4e69-a7f4-042453b9549f">
      <Output>
        <ErrorInfo>
          <Message>Assert.Equal() Failure: Values differ
Expected: 1
Actual:   2</Message>
          <StackTrace>   at SampleApp.Tests.UnitTest1.ThisTestAlwaysFails() in /home/runner/work/sujithq.github.io/sujithq.github.io/tests/SampleApp.Tests/UnitTest1.cs:line 7
   at System.RuntimeMethodHandle.InvokeMethod(Object target, Void** arguments, Signature sig, Boolean isConstructor)
   at System.Reflection.MethodBaseInvoker.InvokeWithNoArgs(Object obj, BindingFlags invokeAttr)</StackTrace>
        </ErrorInfo>
      </Output>
    </UnitTestResult>
  </Results>
  <TestDefinitions>
    <UnitTest name="SampleApp.Tests.UnitTest1.ThisTestAlwaysFails" storage="/home/runner/work/sujithq.github.io/sujithq.github.io/tests/sampleapp.tests/bin/release/net9.0/sampleapp.tests.dll" id="5defec58-6a91-5e4f-efb9-533a7a7d3502">
      <Execution id="c3ee660f-176b-4e69-a7f4-042453b9549f" />
      <TestMethod codeBase="/home/runner/work/sujithq.github.io/sujithq.github.io/tests/SampleApp.Tests/bin/Release/net9.0/SampleApp.Tests.dll" adapterTypeName="executor://xunit/VsTestRunner2/netcoreapp" className="SampleApp.Tests.UnitTest1" name="ThisTestAlwaysFails" />
    </UnitTest>
  </TestDefinitions>
  <TestEntries>
    <TestEntry testId="5defec58-6a91-5e4f-efb9-533a7a7d3502" executionId="c3ee660f-176b-4e69-a7f4-042453b9549f" testListId="8c84fa94-04c1-424b-9868-57a2d4851a1d" />
  </TestEntries>
  <TestLists>
    <TestList name="Results Not in a List" id="8c84fa94-04c1-424b-9868-57a2d4851a1d" />
    <TestList name="All Loaded Results" id="19431567-8539-422a-85d7-44ee4e166bda" />
  </TestLists>
  <ResultSummary outcome="Failed">
    <Counters total="1" executed="1" passed="0" failed="1" error="0" timeout="0" aborted="0" inconclusive="0" passedButRunAborted="0" notRunnable="0" notExecuted="0" disconnected="0" warning="0" completed="0" inProgress="0" pending="0" />
    <Output>
      <StdOut>[xUnit.net 00:00:00.00] xUnit.net VSTest Adapter v2.8.2+699d445a1a (64-bit .NET 9.0.7)
[xUnit.net 00:00:00.09]   Discovering: SampleApp.Tests
[xUnit.net 00:00:00.14]   Discovered:  SampleApp.Tests
[xUnit.net 00:00:00.15]   Starting:    SampleApp.Tests
[xUnit.net 00:00:00.24]       Assert.Equal() Failure: Values differ
[xUnit.net 00:00:00.24]       Expected: 1
[xUnit.net 00:00:00.24]       Actual:   2
[xUnit.net 00:00:00.24]       Stack Trace:
[xUnit.net 00:00:00.24]         /home/runner/work/sujithq.github.io/sujithq.github.io/tests/SampleApp.Tests/UnitTest1.cs(7,0): at SampleApp.Tests.UnitTest1.ThisTestAlwaysFails()
[xUnit.net 00:00:00.24]            at System.RuntimeMethodHandle.InvokeMethod(Object target, Void** arguments, Signature sig, Boolean isConstructor)
[xUnit.net 00:00:00.24]            at System.Reflection.MethodBaseInvoker.InvokeWithNoArgs(Object obj, BindingFlags invokeAttr)
[xUnit.net 00:00:00.25]   Finished:    SampleApp.Tests
</StdOut>
    </Output>
    <RunInfos>
      <RunInfo computerName="pkrvmsl9tci6h6u" outcome="Error" timestamp="2025-08-11T09:58:39.3268244+00:00">
        <Text>[xUnit.net 00:00:00.24]     SampleApp.Tests.UnitTest1.ThisTestAlwaysFails [FAIL]</Text>
      </RunInfo>
    </RunInfos>
  </ResultSummary>
</TestRun>